@!@!@STARTMSG 2262:0 @!@!@
TLC2 Version 2.20 of Day Month 20?? (rev: 789535d)
@!@!@ENDMSG 2262 @!@!@
@!@!@STARTMSG 2187:0 @!@!@
Running breadth-first search Model-Checking with fp 86 and seed -241350785906154830 with 1 worker on 16 cores with 9040MB heap and 64MB offheap memory [pid: 304] (Windows 10 10.0 amd64, Oracle Corporation 24.0.1 x86_64, MSBDiskFPSet, DiskStateQueue).
@!@!@ENDMSG 2187 @!@!@
@!@!@STARTMSG 2220:0 @!@!@
Starting SANY...
@!@!@ENDMSG 2220 @!@!@
Parsing file D:\Ahmed\Documents\TLA-Training\TCommit\TCommit.tla (file:/d:/Ahmed/Documents/TLA-Training/TCommit/TCommit.tla)
Parsing file C:\Users\Ahmed\AppData\Local\Temp\tlc-16760391949636298996\TLC.tla (jar:file:/C:/Users/Ahmed/.vscode/extensions/tlaplus.vscode-ide-2025.4.282349/tools/tla2tools.jar!/tla2sany/StandardModules/TLC.tla)
Parsing file C:\Users\Ahmed\AppData\Local\Temp\tlc-16760391949636298996\Naturals.tla (jar:file:/C:/Users/Ahmed/.vscode/extensions/tlaplus.vscode-ide-2025.4.282349/tools/tla2tools.jar!/tla2sany/StandardModules/Naturals.tla)
Parsing file C:\Users\Ahmed\AppData\Local\Temp\tlc-16760391949636298996\Sequences.tla (jar:file:/C:/Users/Ahmed/.vscode/extensions/tlaplus.vscode-ide-2025.4.282349/tools/tla2tools.jar!/tla2sany/StandardModules/Sequences.tla)
Parsing file C:\Users\Ahmed\AppData\Local\Temp\tlc-16760391949636298996\FiniteSets.tla (jar:file:/C:/Users/Ahmed/.vscode/extensions/tlaplus.vscode-ide-2025.4.282349/tools/tla2tools.jar!/tla2sany/StandardModules/FiniteSets.tla)
Semantic processing of module Naturals
Semantic processing of module Sequences
Semantic processing of module FiniteSets
Semantic processing of module TLC
Semantic processing of module TCommit
@!@!@STARTMSG 2219:0 @!@!@
SANY finished.
@!@!@ENDMSG 2219 @!@!@
@!@!@STARTMSG 2185:0 @!@!@
Starting... (2025-04-29 17:06:18)
@!@!@ENDMSG 2185 @!@!@
@!@!@STARTMSG 2222:1 @!@!@
The constant parameter RM is not assigned a value by the configuration file.
@!@!@ENDMSG 2222 @!@!@
@!@!@STARTMSG 2186:0 @!@!@
Finished in 273ms at (2025-04-29 17:06:18)
@!@!@ENDMSG 2186 @!@!@
